<<<<<<< HEAD
23:47:06 **** Incremental Build of configuration Nios II for project piano ****
=======
03:45:11 **** Incremental Build of configuration Nios II for project piano ****
>>>>>>> parent of 252850d... swag
make all 
Info: Building ../piano_bsp/
C:/intelFPGA_lite/18.1/nios2eds/bin/gnu/H-x86_64-mingw32/bin/make --no-print-directory -C ../piano_bsp/
[BSP build complete]
Info: Compiling piano.c to obj/default/piano.o
nios2-elf-gcc -xc -MP -MMD -c -I../piano_bsp//HAL/inc -I../piano_bsp/ -I../piano_bsp//drivers/inc  -pipe -D__hal__ -DALT_NO_C_PLUS_PLUS -DALT_NO_INSTRUCTION_EMULATION -DALT_SINGLE_THREADED    -O0 -g -Wall   -mno-hw-div -mhw-mul -mno-hw-mulx -mgpopt=global  -o obj/default/piano.o piano.c
piano.c: In function 'main':
piano.c:19:5: warning: implicit declaration of function 'alt_putstr' [-Wimplicit-function-declaration]
     alt_putstr("program start");
     ^
piano.c:27:20: warning: comparison between pointer and integer
         if (psChar == "w")
                    ^
piano.c:27:20: warning: comparison with string literal results in unspecified behavior [-Waddress]
Info: Linking piano.elf
nios2-elf-g++  -T'../piano_bsp//linker.x' -msys-crt0='../piano_bsp//obj/HAL/src/crt0.o' -msys-lib=hal_bsp -L../piano_bsp/   -Wl,-Map=piano.map   -O0 -g -Wall   -mno-hw-div -mhw-mul -mno-hw-mulx -mgpopt=global  -o piano.elf obj/default/piano.o -lm -msys-lib=m
nios2-elf-insert piano.elf --thread_model hal --cpu_name nios2_gen2_0 --qsys true --simulation_enabled false --id 0 --sidp 0x8409150 --timestamp 1606954365 --stderr_dev jtag_uart_0 --stdin_dev jtag_uart_0 --stdout_dev jtag_uart_0 --sopc_system_name nios_system --quartus_project_dir "c:/Users/Joshua/Documents/GitHub/DE2-115-Piano/quartusProjv3" --jdi ../..//output_files/quartusProjv3.jdi --sopcinfo c:/Users/Joshua/Documents/GitHub/DE2-115-Piano/quartusProjv3/software/piano_bsp/../../nios_system.sopcinfo
Info: (piano.elf) 30 KBytes program size (code + initialized data).
Info:             131034 KBytes free for stack + heap.
Info: Creating piano.objdump
nios2-elf-objdump --disassemble --syms --all-header --source piano.elf >piano.objdump
[piano build complete]

<<<<<<< HEAD
23:47:07 Build Finished (took 742ms)
=======
03:45:13 Build Finished (took 1s.353ms)
>>>>>>> parent of 252850d... swag

