Info: Starting: Create block symbol file (.bsf)
Info: qsys-generate C:\Users\Joshua\Desktop\178\quartusProjv3\nios_system.qsys --block-symbol-file --output-directory=C:\Users\Joshua\Desktop\178\quartusProjv3\nios_system --family="Cyclone IV E" --part=EP4CE115F29C7
Progress: Loading quartusProjv3/nios_system.qsys
Progress: Reading input file
Progress: Adding clk_0 [clock_source 18.1]
Progress: Parameterizing module clk_0
Progress: Adding hex_0 [altera_avalon_pio 18.1]
Progress: Parameterizing module hex_0
Progress: Adding hex_1 [altera_avalon_pio 18.1]
Progress: Parameterizing module hex_1
Progress: Adding hex_2 [altera_avalon_pio 18.1]
Progress: Parameterizing module hex_2
Progress: Adding hex_3 [altera_avalon_pio 18.1]
Progress: Parameterizing module hex_3
Progress: Adding hex_4 [altera_avalon_pio 18.1]
Progress: Parameterizing module hex_4
Progress: Adding hex_5 [altera_avalon_pio 18.1]
Progress: Parameterizing module hex_5
Progress: Adding hex_6 [altera_avalon_pio 18.1]
Progress: Parameterizing module hex_6
Progress: Adding hex_7 [altera_avalon_pio 18.1]
Progress: Parameterizing module hex_7
Progress: Adding hires_timer_0 [altera_avalon_timer 18.1]
Progress: Parameterizing module hires_timer_0
Progress: Adding jtag_uart_0 [altera_avalon_jtag_uart 18.1]
Progress: Parameterizing module jtag_uart_0
Progress: Adding keys [altera_avalon_pio 18.1]
Progress: Parameterizing module keys
Progress: Adding ledg [altera_avalon_pio 18.1]
Progress: Parameterizing module ledg
Progress: Adding ledr [altera_avalon_pio 18.1]
Progress: Parameterizing module ledr
Progress: Adding new_sdram_controller_0 [altera_avalon_new_sdram_controller 18.1]
Progress: Parameterizing module new_sdram_controller_0
Progress: Adding nios2_gen2_0 [altera_nios2_gen2 18.1]
Progress: Parameterizing module nios2_gen2_0
Progress: Adding onchip_memory2_0 [altera_avalon_onchip_memory2 18.1]
Progress: Parameterizing module onchip_memory2_0
Progress: Adding sram_0 [altera_up_avalon_sram 18.0]
Progress: Parameterizing module sram_0
Progress: Adding switches [altera_avalon_pio 18.1]
Progress: Parameterizing module switches
Progress: Adding sys_sdram_pll_0 [altera_up_avalon_sys_sdram_pll 18.0]
Progress: Parameterizing module sys_sdram_pll_0
Progress: Adding sysid_qsys_0 [altera_avalon_sysid_qsys 18.1]
Progress: Parameterizing module sysid_qsys_0
Progress: Adding timer_0 [altera_avalon_timer 18.1]
Progress: Parameterizing module timer_0
Progress: Building connections
Progress: Parameterizing connections
Progress: Validating
Progress: Done reading input file
Info: nios_system.jtag_uart_0: JTAG UART IP input clock need to be at least double (2x) the operating frequency of JTAG TCK on board
Info: nios_system.keys: PIO inputs are not hardwired in test bench. Undefined values will be read from PIO inputs during simulation.
Info: nios_system.new_sdram_controller_0: SDRAM Controller will only be supported in Quartus Prime Standard Edition in the future release.
Info: nios_system.switches: PIO inputs are not hardwired in test bench. Undefined values will be read from PIO inputs during simulation.
Info: nios_system.sys_sdram_pll_0: Refclk Freq: 50.0
Info: nios_system.sysid_qsys_0: System ID is not assigned automatically. Edit the System ID parameter to provide a unique ID
Info: nios_system.sysid_qsys_0: Time stamp will be automatically updated when this component is generated.
Info: qsys-generate succeeded.
Info: Finished: Create block symbol file (.bsf)
Info: 
Info: Starting: Create HDL design files for synthesis
Info: qsys-generate C:\Users\Joshua\Desktop\178\quartusProjv3\nios_system.qsys --synthesis=VERILOG --output-directory=C:\Users\Joshua\Desktop\178\quartusProjv3\nios_system\synthesis --family="Cyclone IV E" --part=EP4CE115F29C7
Progress: Loading quartusProjv3/nios_system.qsys
Progress: Reading input file
Progress: Adding clk_0 [clock_source 18.1]
Progress: Parameterizing module clk_0
Progress: Adding hex_0 [altera_avalon_pio 18.1]
Progress: Parameterizing module hex_0
Progress: Adding hex_1 [altera_avalon_pio 18.1]
Progress: Parameterizing module hex_1
Progress: Adding hex_2 [altera_avalon_pio 18.1]
Progress: Parameterizing module hex_2
Progress: Adding hex_3 [altera_avalon_pio 18.1]
Progress: Parameterizing module hex_3
Progress: Adding hex_4 [altera_avalon_pio 18.1]
Progress: Parameterizing module hex_4
Progress: Adding hex_5 [altera_avalon_pio 18.1]
Progress: Parameterizing module hex_5
Progress: Adding hex_6 [altera_avalon_pio 18.1]
Progress: Parameterizing module hex_6
Progress: Adding hex_7 [altera_avalon_pio 18.1]
Progress: Parameterizing module hex_7
Progress: Adding hires_timer_0 [altera_avalon_timer 18.1]
Progress: Parameterizing module hires_timer_0
Progress: Adding jtag_uart_0 [altera_avalon_jtag_uart 18.1]
Progress: Parameterizing module jtag_uart_0
Progress: Adding keys [altera_avalon_pio 18.1]
Progress: Parameterizing module keys
Progress: Adding ledg [altera_avalon_pio 18.1]
Progress: Parameterizing module ledg
Progress: Adding ledr [altera_avalon_pio 18.1]
Progress: Parameterizing module ledr
Progress: Adding new_sdram_controller_0 [altera_avalon_new_sdram_controller 18.1]
Progress: Parameterizing module new_sdram_controller_0
Progress: Adding nios2_gen2_0 [altera_nios2_gen2 18.1]
Progress: Parameterizing module nios2_gen2_0
Progress: Adding onchip_memory2_0 [altera_avalon_onchip_memory2 18.1]
Progress: Parameterizing module onchip_memory2_0
Progress: Adding sram_0 [altera_up_avalon_sram 18.0]
Progress: Parameterizing module sram_0
Progress: Adding switches [altera_avalon_pio 18.1]
Progress: Parameterizing module switches
Progress: Adding sys_sdram_pll_0 [altera_up_avalon_sys_sdram_pll 18.0]
Progress: Parameterizing module sys_sdram_pll_0
Progress: Adding sysid_qsys_0 [altera_avalon_sysid_qsys 18.1]
Progress: Parameterizing module sysid_qsys_0
Progress: Adding timer_0 [altera_avalon_timer 18.1]
Progress: Parameterizing module timer_0
Progress: Building connections
Progress: Parameterizing connections
Progress: Validating
Progress: Done reading input file
Info: nios_system.jtag_uart_0: JTAG UART IP input clock need to be at least double (2x) the operating frequency of JTAG TCK on board
Info: nios_system.keys: PIO inputs are not hardwired in test bench. Undefined values will be read from PIO inputs during simulation.
Info: nios_system.new_sdram_controller_0: SDRAM Controller will only be supported in Quartus Prime Standard Edition in the future release.
Info: nios_system.switches: PIO inputs are not hardwired in test bench. Undefined values will be read from PIO inputs during simulation.
Info: nios_system.sys_sdram_pll_0: Refclk Freq: 50.0
Info: nios_system.sysid_qsys_0: System ID is not assigned automatically. Edit the System ID parameter to provide a unique ID
Info: nios_system.sysid_qsys_0: Time stamp will be automatically updated when this component is generated.
Info: nios_system: Generating nios_system "nios_system" for QUARTUS_SYNTH
Info: Inserting clock-crossing logic between cmd_demux.src19 and cmd_mux_019.sink0
Info: Inserting clock-crossing logic between cmd_demux_001.src3 and cmd_mux_019.sink1
Info: Inserting clock-crossing logic between rsp_demux_019.src0 and rsp_mux.sink19
Info: Inserting clock-crossing logic between rsp_demux_019.src1 and rsp_mux_001.sink3
Info: hex_0: Starting RTL generation for module 'nios_system_hex_0'
Info: hex_0:   Generation command is [exec C:/intelfpga_lite/18.1/quartus/bin64/perl/bin/perl.exe -I C:/intelfpga_lite/18.1/quartus/bin64/perl/lib -I C:/intelfpga_lite/18.1/quartus/sopc_builder/bin/europa -I C:/intelfpga_lite/18.1/quartus/sopc_builder/bin/perl_lib -I C:/intelfpga_lite/18.1/quartus/sopc_builder/bin -I C:/intelfpga_lite/18.1/quartus/../ip/altera/sopc_builder_ip/common -I C:/intelfpga_lite/18.1/quartus/../ip/altera/sopc_builder_ip/altera_avalon_pio -- C:/intelfpga_lite/18.1/quartus/../ip/altera/sopc_builder_ip/altera_avalon_pio/generate_rtl.pl --name=nios_system_hex_0 --dir=C:/Users/Joshua/AppData/Local/Temp/alt8569_1514931906067629029.dir/0002_hex_0_gen/ --quartus_dir=C:/intelfpga_lite/18.1/quartus --verilog --config=C:/Users/Joshua/AppData/Local/Temp/alt8569_1514931906067629029.dir/0002_hex_0_gen//nios_system_hex_0_component_configuration.pl  --do_build_sim=0  ]
Info: hex_0: Done RTL generation for module 'nios_system_hex_0'
Info: hex_0: "nios_system" instantiated altera_avalon_pio "hex_0"
Info: hires_timer_0: Starting RTL generation for module 'nios_system_hires_timer_0'
Info: hires_timer_0:   Generation command is [exec C:/intelFPGA_lite/18.1/quartus/bin64//perl/bin/perl.exe -I C:/intelFPGA_lite/18.1/quartus/bin64//perl/lib -I C:/intelfpga_lite/18.1/quartus/sopc_builder/bin/europa -I C:/intelfpga_lite/18.1/quartus/sopc_builder/bin/perl_lib -I C:/intelfpga_lite/18.1/quartus/sopc_builder/bin -I C:/intelfpga_lite/18.1/quartus/../ip/altera/sopc_builder_ip/common -I C:/intelfpga_lite/18.1/quartus/../ip/altera/sopc_builder_ip/altera_avalon_timer -- C:/intelfpga_lite/18.1/quartus/../ip/altera/sopc_builder_ip/altera_avalon_timer/generate_rtl.pl --name=nios_system_hires_timer_0 --dir=C:/Users/Joshua/AppData/Local/Temp/alt8569_1514931906067629029.dir/0003_hires_timer_0_gen/ --quartus_dir=C:/intelfpga_lite/18.1/quartus --verilog --config=C:/Users/Joshua/AppData/Local/Temp/alt8569_1514931906067629029.dir/0003_hires_timer_0_gen//nios_system_hires_timer_0_component_configuration.pl  --do_build_sim=0  ]
Info: hires_timer_0: Done RTL generation for module 'nios_system_hires_timer_0'
Info: hires_timer_0: "nios_system" instantiated altera_avalon_timer "hires_timer_0"
Info: jtag_uart_0: Starting RTL generation for module 'nios_system_jtag_uart_0'
Info: jtag_uart_0:   Generation command is [exec C:/intelfpga_lite/18.1/quartus/bin64/perl/bin/perl.exe -I C:/intelfpga_lite/18.1/quartus/bin64/perl/lib -I C:/intelfpga_lite/18.1/quartus/sopc_builder/bin/europa -I C:/intelfpga_lite/18.1/quartus/sopc_builder/bin/perl_lib -I C:/intelfpga_lite/18.1/quartus/sopc_builder/bin -I C:/intelfpga_lite/18.1/quartus/../ip/altera/sopc_builder_ip/common -I C:/intelfpga_lite/18.1/quartus/../ip/altera/sopc_builder_ip/altera_avalon_jtag_uart -- C:/intelfpga_lite/18.1/quartus/../ip/altera/sopc_builder_ip/altera_avalon_jtag_uart/generate_rtl.pl --name=nios_system_jtag_uart_0 --dir=C:/Users/Joshua/AppData/Local/Temp/alt8569_1514931906067629029.dir/0004_jtag_uart_0_gen/ --quartus_dir=C:/intelfpga_lite/18.1/quartus --verilog --config=C:/Users/Joshua/AppData/Local/Temp/alt8569_1514931906067629029.dir/0004_jtag_uart_0_gen//nios_system_jtag_uart_0_component_configuration.pl  --do_build_sim=0  ]
Info: jtag_uart_0: Done RTL generation for module 'nios_system_jtag_uart_0'
Info: jtag_uart_0: "nios_system" instantiated altera_avalon_jtag_uart "jtag_uart_0"
Info: keys: Starting RTL generation for module 'nios_system_keys'
Info: keys:   Generation command is [exec C:/intelfpga_lite/18.1/quartus/bin64/perl/bin/perl.exe -I C:/intelfpga_lite/18.1/quartus/bin64/perl/lib -I C:/intelfpga_lite/18.1/quartus/sopc_builder/bin/europa -I C:/intelfpga_lite/18.1/quartus/sopc_builder/bin/perl_lib -I C:/intelfpga_lite/18.1/quartus/sopc_builder/bin -I C:/intelfpga_lite/18.1/quartus/../ip/altera/sopc_builder_ip/common -I C:/intelfpga_lite/18.1/quartus/../ip/altera/sopc_builder_ip/altera_avalon_pio -- C:/intelfpga_lite/18.1/quartus/../ip/altera/sopc_builder_ip/altera_avalon_pio/generate_rtl.pl --name=nios_system_keys --dir=C:/Users/Joshua/AppData/Local/Temp/alt8569_1514931906067629029.dir/0005_keys_gen/ --quartus_dir=C:/intelfpga_lite/18.1/quartus --verilog --config=C:/Users/Joshua/AppData/Local/Temp/alt8569_1514931906067629029.dir/0005_keys_gen//nios_system_keys_component_configuration.pl  --do_build_sim=0  ]
Info: keys: Done RTL generation for module 'nios_system_keys'
Info: keys: "nios_system" instantiated altera_avalon_pio "keys"
Info: ledr: Starting RTL generation for module 'nios_system_ledr'
Info: ledr:   Generation command is [exec C:/intelfpga_lite/18.1/quartus/bin64/perl/bin/perl.exe -I C:/intelfpga_lite/18.1/quartus/bin64/perl/lib -I C:/intelfpga_lite/18.1/quartus/sopc_builder/bin/europa -I C:/intelfpga_lite/18.1/quartus/sopc_builder/bin/perl_lib -I C:/intelfpga_lite/18.1/quartus/sopc_builder/bin -I C:/intelfpga_lite/18.1/quartus/../ip/altera/sopc_builder_ip/common -I C:/intelfpga_lite/18.1/quartus/../ip/altera/sopc_builder_ip/altera_avalon_pio -- C:/intelfpga_lite/18.1/quartus/../ip/altera/sopc_builder_ip/altera_avalon_pio/generate_rtl.pl --name=nios_system_ledr --dir=C:/Users/Joshua/AppData/Local/Temp/alt8569_1514931906067629029.dir/0006_ledr_gen/ --quartus_dir=C:/intelfpga_lite/18.1/quartus --verilog --config=C:/Users/Joshua/AppData/Local/Temp/alt8569_1514931906067629029.dir/0006_ledr_gen//nios_system_ledr_component_configuration.pl  --do_build_sim=0  ]
Info: ledr: Done RTL generation for module 'nios_system_ledr'
Info: ledr: "nios_system" instantiated altera_avalon_pio "ledr"
Info: new_sdram_controller_0: Starting RTL generation for module 'nios_system_new_sdram_controller_0'
Info: new_sdram_controller_0:   Generation command is [exec C:/intelfpga_lite/18.1/quartus/bin64/perl/bin/perl.exe -I C:/intelfpga_lite/18.1/quartus/bin64/perl/lib -I C:/intelfpga_lite/18.1/quartus/sopc_builder/bin/europa -I C:/intelfpga_lite/18.1/quartus/sopc_builder/bin/perl_lib -I C:/intelfpga_lite/18.1/quartus/sopc_builder/bin -I C:/intelfpga_lite/18.1/quartus/../ip/altera/sopc_builder_ip/common -I C:/intelfpga_lite/18.1/quartus/../ip/altera/sopc_builder_ip/altera_avalon_new_sdram_controller -- C:/intelfpga_lite/18.1/quartus/../ip/altera/sopc_builder_ip/altera_avalon_new_sdram_controller/generate_rtl.pl --name=nios_system_new_sdram_controller_0 --dir=C:/Users/Joshua/AppData/Local/Temp/alt8569_1514931906067629029.dir/0007_new_sdram_controller_0_gen/ --quartus_dir=C:/intelfpga_lite/18.1/quartus --verilog --config=C:/Users/Joshua/AppData/Local/Temp/alt8569_1514931906067629029.dir/0007_new_sdram_controller_0_gen//nios_system_new_sdram_controller_0_component_configuration.pl  --do_build_sim=0  ]
Info: new_sdram_controller_0: Done RTL generation for module 'nios_system_new_sdram_controller_0'
Info: new_sdram_controller_0: "nios_system" instantiated altera_avalon_new_sdram_controller "new_sdram_controller_0"
Info: nios2_gen2_0: "nios_system" instantiated altera_nios2_gen2 "nios2_gen2_0"
Info: onchip_memory2_0: Starting RTL generation for module 'nios_system_onchip_memory2_0'
Info: onchip_memory2_0:   Generation command is [exec C:/intelfpga_lite/18.1/quartus/bin64/perl/bin/perl.exe -I C:/intelfpga_lite/18.1/quartus/bin64/perl/lib -I C:/intelfpga_lite/18.1/quartus/sopc_builder/bin/europa -I C:/intelfpga_lite/18.1/quartus/sopc_builder/bin/perl_lib -I C:/intelfpga_lite/18.1/quartus/sopc_builder/bin -I C:/intelfpga_lite/18.1/quartus/../ip/altera/sopc_builder_ip/common -I C:/intelfpga_lite/18.1/quartus/../ip/altera/sopc_builder_ip/altera_avalon_onchip_memory2 -- C:/intelfpga_lite/18.1/quartus/../ip/altera/sopc_builder_ip/altera_avalon_onchip_memory2/generate_rtl.pl --name=nios_system_onchip_memory2_0 --dir=C:/Users/Joshua/AppData/Local/Temp/alt8569_1514931906067629029.dir/0008_onchip_memory2_0_gen/ --quartus_dir=C:/intelfpga_lite/18.1/quartus --verilog --config=C:/Users/Joshua/AppData/Local/Temp/alt8569_1514931906067629029.dir/0008_onchip_memory2_0_gen//nios_system_onchip_memory2_0_component_configuration.pl  --do_build_sim=0  ]
Info: onchip_memory2_0: Done RTL generation for module 'nios_system_onchip_memory2_0'
Info: onchip_memory2_0: "nios_system" instantiated altera_avalon_onchip_memory2 "onchip_memory2_0"
Info: sram_0: Starting Generation of the SRAM Controller
Info: sram_0: "nios_system" instantiated altera_up_avalon_sram "sram_0"
Info: switches: Starting RTL generation for module 'nios_system_switches'
Info: switches:   Generation command is [exec C:/intelfpga_lite/18.1/quartus/bin64/perl/bin/perl.exe -I C:/intelfpga_lite/18.1/quartus/bin64/perl/lib -I C:/intelfpga_lite/18.1/quartus/sopc_builder/bin/europa -I C:/intelfpga_lite/18.1/quartus/sopc_builder/bin/perl_lib -I C:/intelfpga_lite/18.1/quartus/sopc_builder/bin -I C:/intelfpga_lite/18.1/quartus/../ip/altera/sopc_builder_ip/common -I C:/intelfpga_lite/18.1/quartus/../ip/altera/sopc_builder_ip/altera_avalon_pio -- C:/intelfpga_lite/18.1/quartus/../ip/altera/sopc_builder_ip/altera_avalon_pio/generate_rtl.pl --name=nios_system_switches --dir=C:/Users/Joshua/AppData/Local/Temp/alt8569_1514931906067629029.dir/0010_switches_gen/ --quartus_dir=C:/intelfpga_lite/18.1/quartus --verilog --config=C:/Users/Joshua/AppData/Local/Temp/alt8569_1514931906067629029.dir/0010_switches_gen//nios_system_switches_component_configuration.pl  --do_build_sim=0  ]
Info: switches: Done RTL generation for module 'nios_system_switches'
Info: switches: "nios_system" instantiated altera_avalon_pio "switches"
Info: sys_sdram_pll_0: "nios_system" instantiated altera_up_avalon_sys_sdram_pll "sys_sdram_pll_0"
Info: sysid_qsys_0: "nios_system" instantiated altera_avalon_sysid_qsys "sysid_qsys_0"
Info: avalon_st_adapter: Inserting error_adapter: error_adapter_0
Info: avalon_st_adapter_001: Inserting error_adapter: error_adapter_0
Info: avalon_st_adapter_002: Inserting error_adapter: error_adapter_0
Info: avalon_st_adapter_003: Inserting error_adapter: error_adapter_0
Info: avalon_st_adapter_004: Inserting error_adapter: error_adapter_0
Info: avalon_st_adapter_005: Inserting error_adapter: error_adapter_0
Info: avalon_st_adapter_006: Inserting error_adapter: error_adapter_0
Info: avalon_st_adapter_007: Inserting error_adapter: error_adapter_0
Info: avalon_st_adapter_008: Inserting error_adapter: error_adapter_0
Info: avalon_st_adapter_009: Inserting error_adapter: error_adapter_0
Info: avalon_st_adapter_010: Inserting error_adapter: error_adapter_0
Info: avalon_st_adapter_011: Inserting error_adapter: error_adapter_0
Info: avalon_st_adapter_012: Inserting error_adapter: error_adapter_0
Info: avalon_st_adapter_013: Inserting error_adapter: error_adapter_0
Info: avalon_st_adapter_014: Inserting error_adapter: error_adapter_0
Info: avalon_st_adapter_015: Inserting error_adapter: error_adapter_0
Info: avalon_st_adapter_016: Inserting error_adapter: error_adapter_0
Info: avalon_st_adapter_017: Inserting error_adapter: error_adapter_0
Info: avalon_st_adapter_018: Inserting error_adapter: error_adapter_0
Info: avalon_st_adapter_019: Inserting error_adapter: error_adapter_0
Info: mm_interconnect_0: "nios_system" instantiated altera_mm_interconnect "mm_interconnect_0"
Info: irq_mapper: "nios_system" instantiated altera_irq_mapper "irq_mapper"
Info: rst_controller: "nios_system" instantiated altera_reset_controller "rst_controller"
Info: cpu: Starting RTL generation for module 'nios_system_nios2_gen2_0_cpu'
Info: cpu:   Generation command is [exec C:/intelFPGA_lite/18.1/quartus/bin64//eperlcmd.exe -I C:/intelFPGA_lite/18.1/quartus/bin64//perl/lib -I C:/intelfpga_lite/18.1/quartus/sopc_builder/bin/europa -I C:/intelfpga_lite/18.1/quartus/sopc_builder/bin/perl_lib -I C:/intelfpga_lite/18.1/quartus/sopc_builder/bin -I C:/intelfpga_lite/18.1/quartus/../ip/altera/nios2_ip/altera_nios2_gen2/cpu_lib -I C:/intelfpga_lite/18.1/quartus/../ip/altera/nios2_ip/altera_nios2_gen2/nios_lib -I C:/intelfpga_lite/18.1/quartus/../ip/altera/nios2_ip/altera_nios2_gen2 -I C:/intelfpga_lite/18.1/quartus/../ip/altera/nios2_ip/altera_nios2_gen2 -- C:/intelfpga_lite/18.1/quartus/../ip/altera/nios2_ip/altera_nios2_gen2/generate_rtl.epl --name=nios_system_nios2_gen2_0_cpu --dir=C:/Users/Joshua/AppData/Local/Temp/alt8569_1514931906067629029.dir/0014_cpu_gen/ --quartus_bindir=C:/intelFPGA_lite/18.1/quartus/bin64/ --verilog --config=C:/Users/Joshua/AppData/Local/Temp/alt8569_1514931906067629029.dir/0014_cpu_gen//nios_system_nios2_gen2_0_cpu_processor_configuration.pl  --do_build_sim=0  ]
Info: cpu: # 2020.11.02 18:50:47 (*) Starting Nios II generation
Info: cpu: # 2020.11.02 18:50:47 (*)   Checking for plaintext license.
Info: cpu: # 2020.11.02 18:50:48 (*)   Couldn't query license setup in Quartus directory C:/intelFPGA_lite/18.1/quartus/bin64/
Info: cpu: # 2020.11.02 18:50:48 (*)   Defaulting to contents of LM_LICENSE_FILE environment variable
Info: cpu: # 2020.11.02 18:50:48 (*)   LM_LICENSE_FILE environment variable is empty
Info: cpu: # 2020.11.02 18:50:48 (*)   Plaintext license not found.
Info: cpu: # 2020.11.02 18:50:48 (*)   Checking for encrypted license (non-evaluation).
Info: cpu: # 2020.11.02 18:50:48 (*)   Couldn't query license setup in Quartus directory C:/intelFPGA_lite/18.1/quartus/bin64/
Info: cpu: # 2020.11.02 18:50:48 (*)   Defaulting to contents of LM_LICENSE_FILE environment variable
Info: cpu: # 2020.11.02 18:50:48 (*)   LM_LICENSE_FILE environment variable is empty
Info: cpu: # 2020.11.02 18:50:48 (*)   Encrypted license not found.  Defaulting to OCP evaluation license (produces a time-limited SOF)
Info: cpu: # 2020.11.02 18:50:48 (*)   Elaborating CPU configuration settings
Info: cpu: # 2020.11.02 18:50:48 (*)   Creating all objects for CPU
Info: cpu: # 2020.11.02 18:50:48 (*)     Testbench
Info: cpu: # 2020.11.02 18:50:49 (*)     Instruction decoding
Info: cpu: # 2020.11.02 18:50:49 (*)       Instruction fields
Info: cpu: # 2020.11.02 18:50:49 (*)       Instruction decodes
Info: cpu: # 2020.11.02 18:50:49 (*)       Signals for RTL simulation waveforms
Info: cpu: # 2020.11.02 18:50:49 (*)       Instruction controls
Info: cpu: # 2020.11.02 18:50:49 (*)     Pipeline frontend
Info: cpu: # 2020.11.02 18:50:49 (*)     Pipeline backend
Info: cpu: # 2020.11.02 18:50:51 (*)   Generating RTL from CPU objects
Info: cpu: # 2020.11.02 18:50:53 (*)   Creating encrypted RTL
Info: cpu: # 2020.11.02 18:50:53 (*) Done Nios II generation
Info: cpu: Done RTL generation for module 'nios_system_nios2_gen2_0_cpu'
Info: cpu: "nios2_gen2_0" instantiated altera_nios2_gen2_unit "cpu"
Info: sys_pll: "sys_sdram_pll_0" instantiated altera_up_altpll "sys_pll"
Info: reset_from_locked: "sys_sdram_pll_0" instantiated altera_up_avalon_reset_from_locked_signal "reset_from_locked"
Info: nios2_gen2_0_data_master_translator: "mm_interconnect_0" instantiated altera_merlin_master_translator "nios2_gen2_0_data_master_translator"
Info: jtag_uart_0_avalon_jtag_slave_translator: "mm_interconnect_0" instantiated altera_merlin_slave_translator "jtag_uart_0_avalon_jtag_slave_translator"
Info: nios2_gen2_0_data_master_agent: "mm_interconnect_0" instantiated altera_merlin_master_agent "nios2_gen2_0_data_master_agent"
Info: jtag_uart_0_avalon_jtag_slave_agent: "mm_interconnect_0" instantiated altera_merlin_slave_agent "jtag_uart_0_avalon_jtag_slave_agent"
Info: jtag_uart_0_avalon_jtag_slave_agent_rsp_fifo: "mm_interconnect_0" instantiated altera_avalon_sc_fifo "jtag_uart_0_avalon_jtag_slave_agent_rsp_fifo"
Info: router: "mm_interconnect_0" instantiated altera_merlin_router "router"
Info: router_001: "mm_interconnect_0" instantiated altera_merlin_router "router_001"
Info: router_002: "mm_interconnect_0" instantiated altera_merlin_router "router_002"
Info: router_003: "mm_interconnect_0" instantiated altera_merlin_router "router_003"
Info: router_005: "mm_interconnect_0" instantiated altera_merlin_router "router_005"
Info: nios2_gen2_0_data_master_limiter: "mm_interconnect_0" instantiated altera_merlin_traffic_limiter "nios2_gen2_0_data_master_limiter"
Info: Reusing file C:/Users/Joshua/Desktop/178/quartusProjv3/nios_system/synthesis/submodules/altera_avalon_sc_fifo.v
Info: sram_0_avalon_sram_slave_burst_adapter: "mm_interconnect_0" instantiated altera_merlin_burst_adapter "sram_0_avalon_sram_slave_burst_adapter"
Info: Reusing file C:/Users/Joshua/Desktop/178/quartusProjv3/nios_system/synthesis/submodules/altera_avalon_st_pipeline_base.v
Info: cmd_demux: "mm_interconnect_0" instantiated altera_merlin_demultiplexer "cmd_demux"
Info: cmd_demux_001: "mm_interconnect_0" instantiated altera_merlin_demultiplexer "cmd_demux_001"
Info: cmd_mux: "mm_interconnect_0" instantiated altera_merlin_multiplexer "cmd_mux"
Info: cmd_mux_001: "mm_interconnect_0" instantiated altera_merlin_multiplexer "cmd_mux_001"
Info: Reusing file C:/Users/Joshua/Desktop/178/quartusProjv3/nios_system/synthesis/submodules/altera_merlin_arbitrator.sv
Info: rsp_demux: "mm_interconnect_0" instantiated altera_merlin_demultiplexer "rsp_demux"
Info: rsp_demux_001: "mm_interconnect_0" instantiated altera_merlin_demultiplexer "rsp_demux_001"
Info: rsp_mux: "mm_interconnect_0" instantiated altera_merlin_multiplexer "rsp_mux"
Info: Reusing file C:/Users/Joshua/Desktop/178/quartusProjv3/nios_system/synthesis/submodules/altera_merlin_arbitrator.sv
Info: rsp_mux_001: "mm_interconnect_0" instantiated altera_merlin_multiplexer "rsp_mux_001"
Info: Reusing file C:/Users/Joshua/Desktop/178/quartusProjv3/nios_system/synthesis/submodules/altera_merlin_arbitrator.sv
Info: sram_0_avalon_sram_slave_rsp_width_adapter: "mm_interconnect_0" instantiated altera_merlin_width_adapter "sram_0_avalon_sram_slave_rsp_width_adapter"
Info: Reusing file C:/Users/Joshua/Desktop/178/quartusProjv3/nios_system/synthesis/submodules/altera_merlin_address_alignment.sv
Info: Reusing file C:/Users/Joshua/Desktop/178/quartusProjv3/nios_system/synthesis/submodules/altera_merlin_burst_uncompressor.sv
Info: crosser: "mm_interconnect_0" instantiated altera_avalon_st_handshake_clock_crosser "crosser"
Info: Reusing file C:/Users/Joshua/Desktop/178/quartusProjv3/nios_system/synthesis/submodules/altera_avalon_st_pipeline_base.v
Info: avalon_st_adapter: "mm_interconnect_0" instantiated altera_avalon_st_adapter "avalon_st_adapter"
Info: avalon_st_adapter_001: "mm_interconnect_0" instantiated altera_avalon_st_adapter "avalon_st_adapter_001"
Info: error_adapter_0: "avalon_st_adapter" instantiated error_adapter "error_adapter_0"
Info: error_adapter_0: "avalon_st_adapter_001" instantiated error_adapter "error_adapter_0"
Info: nios_system: Done "nios_system" with 45 modules, 76 files
Info: qsys-generate succeeded.
Info: Finished: Create HDL design files for synthesis
